ex2/app/build/intermediates/manifest_merge_blame_file/debug/manifest-merger-blame-debug-report.txt
1<?xml version="1.0" encoding="utf-8"?>
2<manifest xmlns:android="http://schemas.android.com/apk/res/android"
3    package="com.example.layoutclasswork"
4    android:versionCode="1"
5    android:versionName="1.0" >
6
7    <uses-sdk
8        android:minSdkVersion="28"
8-->src\main\AndroidManifest.xml
9        android:targetSdkVersion="33" />
9-->src\main\AndroidManifest.xml
10
11    <uses-permission android:name="android.permission.ACCESS_NETWORK_STATE" />
11-->src\main\AndroidManifest.xml:4:5-79
11-->src\main\AndroidManifest.xml:4:22-76
12
13    <application
13-->src\main\AndroidManifest.xml:5:5-68:19
14        android:allowBackup="true"
14-->src\main\AndroidManifest.xml:6:9-35
15        android:appComponentFactory="androidx.core.app.CoreComponentFactory"
15-->[androidx.core:core:1.0.1] AndroidManifest.xml:22:18-86
16        android:debuggable="true"
17        android:icon="@mipmap/ic_launcher"
17-->src\main\AndroidManifest.xml:7:9-43
18        android:label="@string/app_name"
18-->src\main\AndroidManifest.xml:9:9-41
19        android:roundIcon="@mipmap/ic_launcher_round"
19-->src\main\AndroidManifest.xml:10:9-54
20        android:supportsRtl="true"
20-->src\main\AndroidManifest.xml:11:9-35
21        android:testOnly="true"
22        android:usesCleartextTraffic="true" >
22-->src\main\AndroidManifest.xml:8:9-44
23        <activity
23-->src\main\AndroidManifest.xml:13:9-22:20
24            android:name="com.example.layoutclasswork.MainActivity"
24-->src\main\AndroidManifest.xml:13:19-47
25            android:exported="true"
25-->src\main\AndroidManifest.xml:16:13-36
26            android:label="@string/main"
26-->src\main\AndroidManifest.xml:14:13-41
27            android:theme="@style/AppTheme" >
27-->src\main\AndroidManifest.xml:15:13-44
28            <intent-filter>
28-->src\main\AndroidManifest.xml:17:13-21:29
29                <action android:name="android.intent.action.MAIN" />
29-->src\main\AndroidManifest.xml:18:17-69
29-->src\main\AndroidManifest.xml:18:25-66
30
31                <category android:name="android.intent.category.LAUNCHER" />
31-->src\main\AndroidManifest.xml:20:17-77
31-->src\main\AndroidManifest.xml:20:27-74
32            </intent-filter>
33        </activity>
34        <activity
34-->src\main\AndroidManifest.xml:23:9-33:20
35            android:name="com.example.layoutclasswork.LoginActivity"
35-->src\main\AndroidManifest.xml:24:13-42
36            android:exported="true"
36-->src\main\AndroidManifest.xml:27:13-36
37            android:label="@string/log_act"
37-->src\main\AndroidManifest.xml:26:13-44
38            android:theme="@style/AppTheme" >
38-->src\main\AndroidManifest.xml:25:13-44
39
40            <!-- 配置 Intent 过滤器 -->
41            <intent-filter>
41-->src\main\AndroidManifest.xml:17:13-21:29
42                <action android:name="android.intent.action.MAIN" />
42-->src\main\AndroidManifest.xml:18:17-69
42-->src\main\AndroidManifest.xml:18:25-66
43
44                <category android:name="android.intent.category.LAUNCHER" />
44-->src\main\AndroidManifest.xml:20:17-77
44-->src\main\AndroidManifest.xml:20:27-74
45            </intent-filter>
46        </activity>
47        <activity
47-->src\main\AndroidManifest.xml:34:9-44:20
48            android:name="com.example.layoutclasswork.RegisterActivity"
48-->src\main\AndroidManifest.xml:35:13-45
49            android:exported="true"
49-->src\main\AndroidManifest.xml:38:13-36
50            android:label="@string/res_act"
50-->src\main\AndroidManifest.xml:37:13-44
51            android:theme="@style/AppTheme" >
51-->src\main\AndroidManifest.xml:36:13-44
52
53            <!-- 配置 Intent 过滤器 -->
54            <intent-filter>
54-->src\main\AndroidManifest.xml:17:13-21:29
55                <action android:name="android.intent.action.MAIN" />
55-->src\main\AndroidManifest.xml:18:17-69
55-->src\main\AndroidManifest.xml:18:25-66
56
57                <category android:name="android.intent.category.LAUNCHER" />
57-->src\main\AndroidManifest.xml:20:17-77
57-->src\main\AndroidManifest.xml:20:27-74
58            </intent-filter>
59        </activity>
60        <activity
60-->src\main\AndroidManifest.xml:45:9-55:20
61            android:name="com.example.layoutclasswork.ListChat"
61-->src\main\AndroidManifest.xml:46:13-37
62            android:exported="true"
62-->src\main\AndroidManifest.xml:49:13-36
63            android:label="@string/chat"
63-->src\main\AndroidManifest.xml:48:13-41
64            android:theme="@style/AppTheme" >
64-->src\main\AndroidManifest.xml:47:13-44
65
66            <!-- 配置 Intent 过滤器 -->
67            <intent-filter>
67-->src\main\AndroidManifest.xml:17:13-21:29
68                <action android:name="android.intent.action.MAIN" />
68-->src\main\AndroidManifest.xml:18:17-69
68-->src\main\AndroidManifest.xml:18:25-66
69
70                <category android:name="android.intent.category.LAUNCHER" />
70-->src\main\AndroidManifest.xml:20:17-77
70-->src\main\AndroidManifest.xml:20:27-74
71            </intent-filter>
72        </activity>
73
74        <!-- 网络监听 -->
75        <receiver
75-->src\main\AndroidManifest.xml:58:9-65:20
76            android:name="com.example.layoutclasswork.NetworkChangeReceiver"
76-->src\main\AndroidManifest.xml:59:13-50
77            android:enabled="true"
77-->src\main\AndroidManifest.xml:60:13-35
78            android:exported="true" >
78-->src\main\AndroidManifest.xml:61:13-36
79            <intent-filter>
79-->src\main\AndroidManifest.xml:62:13-64:29
80                <action android:name="android.net.conn.CONNECTIVITY_CHANGE" />
80-->src\main\AndroidManifest.xml:63:17-79
80-->src\main\AndroidManifest.xml:63:25-76
81            </intent-filter>
82        </receiver>
83    </application>
84
85</manifest>